<?xml version="1.0" encoding="UTF-8"?>
<!-- Generated by org.testng.reporters.JUnitReportReporter -->
<testsuite skipped="0" hostname="DESKTOP-4VFU0KO" name="com.ganga.AppTest" tests="2" failures="0" timestamp="2023-03-02T10:30:26 IST" time="0.024" errors="0">
  <testcase name="testCreatcustomer" time="0.021" classname="com.ganga.AppTest"/>
  <system-out>
Creatcustomer  </system-out>
  <testcase name="testEditcustomer" time="0.003" classname="com.ganga.AppTest"/>
  <system-out>
Editcustomer  </system-out>
</testsuite> <!-- com.ganga.AppTest -->
